0 info it worked if it ends with ok
1 verbose cli [ 'C:\\Program Files\\nodejs\\node.exe',
1 verbose cli   'C:\\Program Files\\nodejs\\node_modules\\npm\\bin\\npm-cli.js',
1 verbose cli   'run',
1 verbose cli   'build' ]
2 info using npm@3.10.10
3 info using node@v6.10.0
4 verbose run-script [ 'prebuild', 'build', 'postbuild' ]
5 info lifecycle electron-to-do-app@1.0.0~prebuild: electron-to-do-app@1.0.0
6 silly lifecycle electron-to-do-app@1.0.0~prebuild: no script for prebuild, continuing
7 info lifecycle electron-to-do-app@1.0.0~build: electron-to-do-app@1.0.0
8 verbose lifecycle electron-to-do-app@1.0.0~build: unsafe-perm in lifecycle true
9 verbose lifecycle electron-to-do-app@1.0.0~build: PATH: C:\Program Files\nodejs\node_modules\npm\bin\node-gyp-bin;C:\Users\umesh\Desktop\GitHub\Electron-to-do-App\node_modules\.bin;C:\Program Files\Docker\Docker\Resources\bin;C:\Program Files\Python36\Scripts\;C:\Program Files\Python36\;C:\ProgramData\Oracle\Java\javapath;C:\Windows\system32;C:\Windows;C:\Windows\System32\Wbem;C:\Windows\System32\WindowsPowerShell\v1.0\;C:\Program Files (x86)\NVIDIA Corporation\PhysX\Common;C:\Program Files\Java\jdk1.8.0_51\bin;C:\Program Files\Java\jre1.8.0_51\bin;C:\Users\umesh\AppData\Local\Microsoft\WindowsApps;C:\adb;C:\Program Files\nodejs\;C:\WINDOWS\system32;C:\WINDOWS;C:\WINDOWS\System32\Wbem;C:\WINDOWS\System32\WindowsPowerShell\v1.0\;C:\Program Files\Git\cmd;C:\Users\umesh\AppData\Roaming\npm;C:\Program Files\Heroku\bin;C:\Users\umesh\AppData\Local\atom\bin;C:\Program Files (x86)\Microsoft VS Code\bin
10 verbose lifecycle electron-to-do-app@1.0.0~build: CWD: C:\Users\umesh\Desktop\GitHub\Electron-to-do-App
11 silly lifecycle electron-to-do-app@1.0.0~build: Args: [ '/d /s /c',
11 silly lifecycle   'npm run build-mac && npm run build-mas && npm run build-linux && npm run build-win32' ]
12 silly lifecycle electron-to-do-app@1.0.0~build: Returned: code: 1  signal: null
13 info lifecycle electron-to-do-app@1.0.0~build: Failed to exec build script
14 verbose stack Error: electron-to-do-app@1.0.0 build: `npm run build-mac && npm run build-mas && npm run build-linux && npm run build-win32`
14 verbose stack Exit status 1
14 verbose stack     at EventEmitter.<anonymous> (C:\Program Files\nodejs\node_modules\npm\lib\utils\lifecycle.js:255:16)
14 verbose stack     at emitTwo (events.js:106:13)
14 verbose stack     at EventEmitter.emit (events.js:191:7)
14 verbose stack     at ChildProcess.<anonymous> (C:\Program Files\nodejs\node_modules\npm\lib\utils\spawn.js:40:14)
14 verbose stack     at emitTwo (events.js:106:13)
14 verbose stack     at ChildProcess.emit (events.js:191:7)
14 verbose stack     at maybeClose (internal/child_process.js:877:16)
14 verbose stack     at Process.ChildProcess._handle.onexit (internal/child_process.js:226:5)
15 verbose pkgid electron-to-do-app@1.0.0
16 verbose cwd C:\Users\umesh\Desktop\GitHub\Electron-to-do-App
17 error Windows_NT 10.0.16299
18 error argv "C:\\Program Files\\nodejs\\node.exe" "C:\\Program Files\\nodejs\\node_modules\\npm\\bin\\npm-cli.js" "run" "build"
19 error node v6.10.0
20 error npm  v3.10.10
21 error code ELIFECYCLE
22 error electron-to-do-app@1.0.0 build: `npm run build-mac && npm run build-mas && npm run build-linux && npm run build-win32`
22 error Exit status 1
23 error Failed at the electron-to-do-app@1.0.0 build script 'npm run build-mac && npm run build-mas && npm run build-linux && npm run build-win32'.
23 error Make sure you have the latest version of node.js and npm installed.
23 error If you do, this is most likely a problem with the electron-to-do-app package,
23 error not with npm itself.
23 error Tell the author that this fails on your system:
23 error     npm run build-mac && npm run build-mas && npm run build-linux && npm run build-win32
23 error You can get information on how to open an issue for this project with:
23 error     npm bugs electron-to-do-app
23 error Or if that isn't available, you can get their info via:
23 error     npm owner ls electron-to-do-app
23 error There is likely additional logging output above.
24 verbose exit [ 1, true ]
